[debug] [2020-12-26T15:32:47.958Z] ----------------------------------------------------------------------
[debug] [2020-12-26T15:32:47.962Z] Command:       C:\Program Files\nodejs\node.exe C:\Users\USER PC\AppData\Roaming\npm\node_modules\firebase-tools\lib\bin\firebase.js deploy
[debug] [2020-12-26T15:32:47.963Z] CLI Version:   9.1.0
[debug] [2020-12-26T15:32:47.963Z] Platform:      win32
[debug] [2020-12-26T15:32:47.963Z] Node Version:  v12.19.0
[debug] [2020-12-26T15:32:48.047Z] Time:          Sat Dec 26 2020 16:32:47 GMT+0100 (West Africa Standard Time)
[debug] [2020-12-26T15:32:48.047Z] ----------------------------------------------------------------------
[debug] [2020-12-26T15:32:48.048Z] 
[debug] [2020-12-26T15:32:48.116Z] > command requires scopes: ["email","openid","https://www.googleapis.com/auth/cloudplatformprojects.readonly","https://www.googleapis.com/auth/firebase","https://www.googleapis.com/auth/cloud-platform"]
[debug] [2020-12-26T15:32:48.118Z] > authorizing via signed-in user
[debug] [2020-12-26T15:32:48.118Z] [iam] checking project tinder-clone-bc9ae for permissions ["firebase.projects.get","firebasehosting.sites.update"]
[debug] [2020-12-26T15:32:48.125Z] >>> HTTP REQUEST POST https://cloudresourcemanager.googleapis.com/v1/projects/tinder-clone-bc9ae:testIamPermissions  
 {"permissions":["firebase.projects.get","firebasehosting.sites.update"]}
[debug] [2020-12-26T15:32:49.994Z] <<< HTTP RESPONSE 200 {"content-type":"application/json; charset=UTF-8","vary":"X-Origin, Referer, Origin,Accept-Encoding","date":"Sat, 26 Dec 2020 15:32:50 GMT","server":"ESF","cache-control":"private","x-xss-protection":"0","x-frame-options":"SAMEORIGIN","x-content-type-options":"nosniff","server-timing":"gfet4t7; dur=1175","alt-svc":"h3-29=\":443\"; ma=2592000,h3-T051=\":443\"; ma=2592000,h3-Q050=\":443\"; ma=2592000,h3-Q046=\":443\"; ma=2592000,h3-Q043=\":443\"; ma=2592000,quic=\":443\"; ma=2592000; v=\"46,43\"","accept-ranges":"none","transfer-encoding":"chunked"}
[debug] [2020-12-26T15:32:49.997Z] >>> HTTP REQUEST GET https://firebase.googleapis.com/v1beta1/projects/tinder-clone-bc9ae  
 
[debug] [2020-12-26T15:32:50.473Z] <<< HTTP RESPONSE 200 {"content-type":"application/json; charset=UTF-8","vary":"X-Origin, Referer, Origin,Accept-Encoding","date":"Sat, 26 Dec 2020 15:32:51 GMT","server":"ESF","cache-control":"private","x-xss-protection":"0","x-frame-options":"SAMEORIGIN","x-content-type-options":"nosniff","alt-svc":"h3-29=\":443\"; ma=2592000,h3-T051=\":443\"; ma=2592000,h3-Q050=\":443\"; ma=2592000,h3-Q046=\":443\"; ma=2592000,h3-Q043=\":443\"; ma=2592000,quic=\":443\"; ma=2592000; v=\"46,43\"","accept-ranges":"none","transfer-encoding":"chunked"}
[info] 
[info] === Deploying to 'tinder-clone-bc9ae'...
[info] 
[info] i  deploying hosting 
[debug] [2020-12-26T15:32:50.516Z] >>> HTTP REQUEST POST https://firebasehosting.googleapis.com/v1beta1/sites/tinder-clone-bc9ae/versions  
 {"config":{"rewrites":[{"glob":"**","path":"/index.html"}]},"labels":{"deployment-tool":"cli-firebase"}}
[debug] [2020-12-26T15:32:51.729Z] <<< HTTP RESPONSE 200 {"content-type":"application/json; charset=UTF-8","vary":"X-Origin, Referer, Origin,Accept-Encoding","date":"Sat, 26 Dec 2020 15:32:52 GMT","server":"ESF","cache-control":"private","x-xss-protection":"0","x-frame-options":"SAMEORIGIN","x-content-type-options":"nosniff","alt-svc":"h3-29=\":443\"; ma=2592000,h3-T051=\":443\"; ma=2592000,h3-Q050=\":443\"; ma=2592000,h3-Q046=\":443\"; ma=2592000,h3-Q043=\":443\"; ma=2592000,quic=\":443\"; ma=2592000; v=\"46,43\"","accept-ranges":"none","transfer-encoding":"chunked"}
[info] i  hosting[tinder-clone-bc9ae]: beginning deploy... 
[info] i  hosting[tinder-clone-bc9ae]: found 16 files in build 
[debug] [2020-12-26T15:32:52.133Z] > refreshing access token with scopes: []
[debug] [2020-12-26T15:32:52.136Z] >>> HTTP REQUEST POST https://www.googleapis.com/oauth2/v3/token  
 <request body omitted>
[debug] [2020-12-26T15:32:52.150Z] [hosting] hash cache [YnVpbGQ] stored for 16 files
[debug] [2020-12-26T15:32:52.151Z] [hosting][hash queue][FINAL] {"max":279,"min":6,"avg":32.1875,"active":0,"complete":16,"success":16,"errored":0,"retried":0,"total":16,"elapsed":336}
[debug] [2020-12-26T15:32:52.648Z] <<< HTTP RESPONSE 200 {"pragma":"no-cache","date":"Sat, 26 Dec 2020 15:32:53 GMT","expires":"Mon, 01 Jan 1990 00:00:00 GMT","cache-control":"no-cache, no-store, max-age=0, must-revalidate","content-type":"application/json; charset=utf-8","vary":"X-Origin, Referer, Origin,Accept-Encoding","server":"scaffolding on HTTPServer2","x-xss-protection":"0","x-frame-options":"SAMEORIGIN","x-content-type-options":"nosniff","alt-svc":"h3-29=\":443\"; ma=2592000,h3-T051=\":443\"; ma=2592000,h3-Q050=\":443\"; ma=2592000,h3-Q046=\":443\"; ma=2592000,h3-Q043=\":443\"; ma=2592000,quic=\":443\"; ma=2592000; v=\"46,43\"","accept-ranges":"none","transfer-encoding":"chunked"}
[debug] [2020-12-26T15:32:52.734Z] >>> [apiv2][query] POST https://firebasehosting.googleapis.com/v1beta1/sites/tinder-clone-bc9ae/versions/06fa3ac1658d9b7a:populateFiles [none]
[debug] [2020-12-26T15:32:52.734Z] >>> [apiv2][body] POST https://firebasehosting.googleapis.com/v1beta1/sites/tinder-clone-bc9ae/versions/06fa3ac1658d9b7a:populateFiles {"files":{"/favicon.ico":"eae62e993eb980ec8a25058c39d5a51feab118bd2100c4deebb2a9c158ec11f9","/logo192.png":"3ee59515172ee198f3be375979df15ac5345183e656720a381b8872b2a39dc8b","/logo512.png":"ee7e2f3fdb8209c4b6fd7bef6ba50d1b9dba30a25bb5c3126df057e1cb6f5331","/manifest.json":"aff3449bdc238776f5d6d967f19ec491b36aed5fb7f23ccff6500736fd58494a","/robots.txt":"bfe106a3fb878dc83461c86818bf74fc1bdc7f28538ba613cd3e775516ce8b49","/asset-manifest.json":"5ba29b2e3d648d2caccdf6fe2d026c2f6a3e4a1e0ff2b02ede60ecc16c927e77","/index.html":"6ee14ad232d953624a46d688346951db56a92936c8738f512fb7867360452a9c","/static/css/main.ab050458.chunk.css":"1d10d8e96261d8f45c63c6e1452ebc8017bc8bad0796b75563255c78f284ed93","/static/css/main.ab050458.chunk.css.map":"6c3074d5261f92963d4c21a0bb81ca486b895d5b03952171907383c205f3c19a","/static/js/2.4b604e83.chunk.js.LICENSE.txt":"8a08d6c8c0024ba11449cc7f061e67427fd2717f500245b22c56fb9f3b525335","/static/js/main.4d92777e.chunk.js":"524efd438bb914cf3cd61b0b49be163b73c81672b4bcbc5b337aa313e177ca71","/static/js/main.4d92777e.chunk.js.map":"b8f27f1bb41b78de899167a4802b04fbdd98c4508d7be59a46bc97b41555f383","/static/js/runtime-main.d0139ad3.js":"4e9c93a4e1b220f565a3cf53630e92b76183f4f05a1f80e58ec787d2feecab53","/static/js/runtime-main.d0139ad3.js.map":"8116a248c316a3b30bc95d8a29bae3f40a3ff47ab175f9ac2ab9f287396cc8b2","/static/js/2.4b604e83.chunk.js":"9a365ccb276c3c405f9c1a8008cd5ccfba3fb6e9c45aa4c2a9589a67ec4ec087","/static/js/2.4b604e83.chunk.js.map":"2455795adba832c1f4d901600cab28b02a2c255c7db909128c3301064a6ec1e0"}}
[debug] [2020-12-26T15:32:53.506Z] <<< [apiv2][status] POST https://firebasehosting.googleapis.com/v1beta1/sites/tinder-clone-bc9ae/versions/06fa3ac1658d9b7a:populateFiles 200
[debug] [2020-12-26T15:32:53.507Z] <<< [apiv2][body] POST https://firebasehosting.googleapis.com/v1beta1/sites/tinder-clone-bc9ae/versions/06fa3ac1658d9b7a:populateFiles {"uploadRequiredHashes":["6ee14ad232d953624a46d688346951db56a92936c8738f512fb7867360452a9c"],"uploadUrl":"https://upload-firebasehosting.googleapis.com/upload/sites/tinder-clone-bc9ae/versions/06fa3ac1658d9b7a/files"}
[debug] [2020-12-26T15:32:53.508Z] >>> [apiv2][query] POST https://upload-firebasehosting.googleapis.com/upload/sites/tinder-clone-bc9ae/versions/06fa3ac1658d9b7a/files/6ee14ad232d953624a46d688346951db56a92936c8738f512fb7867360452a9c [none]
[debug] [2020-12-26T15:32:53.508Z] >>> [apiv2][body] POST https://upload-firebasehosting.googleapis.com/upload/sites/tinder-clone-bc9ae/versions/06fa3ac1658d9b7a/files/6ee14ad232d953624a46d688346951db56a92936c8738f512fb7867360452a9c [stream]
[debug] [2020-12-26T15:32:53.510Z] [hosting][populate queue][FINAL] {"max":1381,"min":1381,"avg":1381,"active":0,"complete":1,"success":1,"errored":0,"retried":0,"total":1,"elapsed":1383}
[debug] [2020-12-26T15:32:53.511Z] [hosting] uploads queued: 1
[debug] [2020-12-26T15:32:55.618Z] <<< [apiv2][status] POST https://upload-firebasehosting.googleapis.com/upload/sites/tinder-clone-bc9ae/versions/06fa3ac1658d9b7a/files/6ee14ad232d953624a46d688346951db56a92936c8738f512fb7867360452a9c 200
[debug] [2020-12-26T15:32:55.618Z] <<< [apiv2][body] POST https://upload-firebasehosting.googleapis.com/upload/sites/tinder-clone-bc9ae/versions/06fa3ac1658d9b7a/files/6ee14ad232d953624a46d688346951db56a92936c8738f512fb7867360452a9c [stream]
[debug] [2020-12-26T15:32:55.618Z] [hosting][upload queue][FINAL] {"max":2111,"min":2111,"avg":2111,"active":0,"complete":1,"success":1,"errored":0,"retried":0,"total":1,"elapsed":2111}
[info] +  hosting[tinder-clone-bc9ae]: file upload complete 
[debug] [2020-12-26T15:32:55.620Z] [hosting] deploy completed after 3889ms
[debug] [2020-12-26T15:32:56.051Z] [
  {
    "config": {
      "public": "build",
      "ignore": [
        "firebase.json",
        "**/.*",
        "**/node_modules/**"
      ],
      "rewrites": [
        {
          "source": "**",
          "destination": "/index.html"
        }
      ],
      "site": "tinder-clone-bc9ae"
    },
    "site": "tinder-clone-bc9ae",
    "version": "sites/tinder-clone-bc9ae/versions/06fa3ac1658d9b7a"
  }
]
[info] i  hosting[tinder-clone-bc9ae]: finalizing version... 
[debug] [2020-12-26T15:32:56.053Z] > refreshing access token with scopes: ["email","https://www.googleapis.com/auth/cloud-platform","https://www.googleapis.com/auth/cloudplatformprojects.readonly","https://www.googleapis.com/auth/firebase","openid"]
[debug] [2020-12-26T15:32:56.053Z] >>> HTTP REQUEST POST https://www.googleapis.com/oauth2/v3/token  
 <request body omitted>
[debug] [2020-12-26T15:32:56.461Z] <<< HTTP RESPONSE 200 {"date":"Sat, 26 Dec 2020 15:32:56 GMT","pragma":"no-cache","cache-control":"no-cache, no-store, max-age=0, must-revalidate","expires":"Mon, 01 Jan 1990 00:00:00 GMT","content-type":"application/json; charset=utf-8","vary":"X-Origin, Referer, Origin,Accept-Encoding","server":"scaffolding on HTTPServer2","x-xss-protection":"0","x-frame-options":"SAMEORIGIN","x-content-type-options":"nosniff","alt-svc":"h3-29=\":443\"; ma=2592000,h3-T051=\":443\"; ma=2592000,h3-Q050=\":443\"; ma=2592000,h3-Q046=\":443\"; ma=2592000,h3-Q043=\":443\"; ma=2592000,quic=\":443\"; ma=2592000; v=\"46,43\"","accept-ranges":"none","transfer-encoding":"chunked"}
[debug] [2020-12-26T15:32:56.500Z] >>> HTTP REQUEST PATCH https://firebasehosting.googleapis.com/v1beta1/sites/tinder-clone-bc9ae/versions/06fa3ac1658d9b7a?updateMask=status  
 {"status":"FINALIZED"}
[debug] [2020-12-26T15:32:58.321Z] <<< HTTP RESPONSE 200 {"content-type":"application/json; charset=UTF-8","vary":"X-Origin, Referer, Origin,Accept-Encoding","date":"Sat, 26 Dec 2020 15:32:58 GMT","server":"ESF","cache-control":"private","x-xss-protection":"0","x-frame-options":"SAMEORIGIN","x-content-type-options":"nosniff","alt-svc":"h3-29=\":443\"; ma=2592000,h3-T051=\":443\"; ma=2592000,h3-Q050=\":443\"; ma=2592000,h3-Q046=\":443\"; ma=2592000,h3-Q043=\":443\"; ma=2592000,quic=\":443\"; ma=2592000; v=\"46,43\"","accept-ranges":"none","transfer-encoding":"chunked"}
[debug] [2020-12-26T15:32:58.322Z] [hosting] finalized version for tinder-clone-bc9ae: {"name":"sites/tinder-clone-bc9ae/versions/06fa3ac1658d9b7a","status":"FINALIZED","config":{"rewrites":[{"glob":"**","path":"/index.html"}]},"labels":{"deployment-tool":"cli-firebase"},"createTime":"2020-12-26T15:32:51.736461Z","createUser":{"email":"davidbello998@gmail.com"},"finalizeTime":"2020-12-26T15:32:58.739990Z","finalizeUser":{"email":"davidbello998@gmail.com"}}
[info] +  hosting[tinder-clone-bc9ae]: version finalized 
[info] i  hosting[tinder-clone-bc9ae]: releasing new version... 
[debug] [2020-12-26T15:32:58.324Z] >>> HTTP REQUEST POST https://firebasehosting.googleapis.com/v1beta1/sites/tinder-clone-bc9ae/releases?version_name=sites/tinder-clone-bc9ae/versions/06fa3ac1658d9b7a  
 {"message":null}
